[2026-03-30T01:39:41.512Z] GET https://x.com/IceBearMiner/status/2037888800341610684 → 200 (468ms, ?B)
[2026-03-30T01:39:41.989Z] GET https://abs.twimg.com/responsive-web/client-web/vendor.f1dc7e4a.js → pending (?ms, ?B)
[2026-03-30T01:39:41.989Z] GET https://abs.twimg.com/responsive-web/client-web/i18n/en.901ee17a.js → pending (?ms, ?B)
[2026-03-30T01:39:41.989Z] GET https://abs.twimg.com/responsive-web/client-web/main.9eef478a.js → pending (?ms, ?B)
[2026-03-30T01:39:42.462Z] GET https://abs-0.twimg.com/emoji/v2/svg/26a0.svg → 200 (204ms, 548B)
[2026-03-30T01:39:42.983Z] GET blob:https://x.com/c9fc9cf6-b665-4483-aa87-c28c098ce8ae → pending (?ms, ?B)
[2026-03-30T01:39:42.987Z] GET blob:https://x.com/42b0b85a-bab9-4680-983a-5ad2f649a36c → pending (?ms, ?B)
[2026-03-30T01:39:44.438Z] GET https://abs.twimg.com/responsive-web/client-web/ondemand.Dropdown.43b188ba.js → 200 (10ms, 6817B)
[2026-03-30T01:39:44.439Z] GET https://abs.twimg.com/responsive-web/client-web/ondemand.s.02cffcea.js → 200 (41ms, 24406B)
[2026-03-30T01:39:44.450Z] GET https://abs.twimg.com/responsive-web/client-web/12633.4265aaba.js → 200 (43ms, 83549B)
[2026-03-30T01:39:44.574Z] POST https://api.x.com/1.1/graphql/user_flow.json → pending (?ms, ?B)
[2026-03-30T01:39:44.639Z] GET https://abs.twimg.com/responsive-web/client-web/icons.18.186a684a.js → 200 (20ms, 20277B)
[2026-03-30T01:39:44.639Z] GET https://abs.twimg.com/responsive-web/client-web/icons.7.954efc1a.js → 200 (19ms, 20154B)
[2026-03-30T01:39:44.639Z] GET https://abs.twimg.com/responsive-web/client-web/icons.24.aacaff9a.js → 200 (21ms, 16159B)
[2026-03-30T01:39:44.639Z] GET https://abs.twimg.com/responsive-web/client-web/modules.audio.6876c52a.js → 200 (133ms, 246706B)
[2026-03-30T01:39:44.639Z] GET https://abs.twimg.com/responsive-web/client-web/loader.AppModules.8784806a.js → 200 (21ms, 77093B)
[2026-03-30T01:39:44.639Z] GET https://abs.twimg.com/responsive-web/client-web/icons.15.d6ed7d9a.js → 200 (157ms, 22832B)
[2026-03-30T01:39:44.639Z] GET https://abs.twimg.com/responsive-web/client-web/icons.22.772292da.js → 200 (156ms, 26511B)
[2026-03-30T01:39:44.639Z] GET https://abs.twimg.com/responsive-web/client-web/icons.12.c49ba95a.js → 200 (157ms, 23284B)
[2026-03-30T01:39:44.639Z] GET https://abs.twimg.com/responsive-web/client-web/icons.5.62a5c83a.js → 200 (157ms, 19139B)
[2026-03-30T01:39:44.639Z] GET https://abs.twimg.com/responsive-web/client-web/modules.common.1172f6da.js → 200 (158ms, 53215B)
[2026-03-30T01:39:44.639Z] GET https://abs.twimg.com/responsive-web/client-web/icons.14.96d8f6fa.js → 200 (156ms, 20682B)
[2026-03-30T01:39:44.639Z] GET https://abs.twimg.com/responsive-web/client-web/icons.4.1baaf24a.js → 200 (156ms, 23180B)
[2026-03-30T01:39:44.640Z] GET https://abs.twimg.com/responsive-web/client-web/icons.6.9b084fda.js → 200 (155ms, 20944B)
[2026-03-30T01:39:44.641Z] GET https://abs.twimg.com/responsive-web/client-web/icons.16.8c0bf2ea.js → 200 (155ms, 17768B)
[2026-03-30T01:39:44.642Z] GET https://abs.twimg.com/responsive-web/client-web/icons.21.aaa1601a.js → 200 (154ms, 19701B)
[2026-03-30T01:39:44.642Z] GET https://abs.twimg.com/responsive-web/client-web/shared~loader.SideNav~bundle.MultiAccount~bundle.JobSearch.fc8c014a.js → 200 (154ms, 14229B)
[2026-03-30T01:39:44.642Z] GET https://abs.twimg.com/responsive-web/client-web/loader.SideNav.6897ccea.js → 200 (152ms, 32415B)
[2026-03-30T01:39:44.642Z] GET https://abs.twimg.com/responsive-web/client-web/icons.9.b742e11a.js → 200 (155ms, 26480B)
[2026-03-30T01:39:44.643Z] GET https://abs.twimg.com/responsive-web/client-web/icons.2.c8dfdada.js → 200 (155ms, 29193B)
[2026-03-30T01:39:44.643Z] GET https://abs.twimg.com/responsive-web/client-web/icons.8.e5cecc7a.js → 200 (154ms, 26249B)
[2026-03-30T01:39:44.643Z] GET https://abs.twimg.com/responsive-web/client-web/icons.1.352005da.js → 200 (154ms, 17003B)
[2026-03-30T01:39:44.643Z] GET https://abs.twimg.com/responsive-web/client-web/icons.25.7e74441a.js → 200 (154ms, 14390B)
[2026-03-30T01:39:44.644Z] GET https://abs.twimg.com/responsive-web/client-web/icons.19.806c548a.js → 200 (164ms, 20737B)
[2026-03-30T01:39:44.644Z] GET https://abs.twimg.com/responsive-web/client-web/icons.28.87e8cc3a.js → 200 (162ms, 21306B)
[2026-03-30T01:39:44.645Z] GET https://abs.twimg.com/responsive-web/client-web/icons.17.70273baa.js → 200 (162ms, 18659B)
[2026-03-30T01:39:44.645Z] GET https://abs.twimg.com/responsive-web/client-web/icons.29.464a41ea.js → 200 (164ms, 16555B)
[2026-03-30T01:39:44.645Z] GET https://abs.twimg.com/responsive-web/client-web/icons.27.e7a51d2a.js → 200 (164ms, 44919B)
[2026-03-30T01:39:44.645Z] GET https://abs.twimg.com/responsive-web/client-web/icons.3.ef7f243a.js → 200 (162ms, 20986B)
[2026-03-30T01:39:44.648Z] GET https://abs.twimg.com/responsive-web/client-web/icons.10.f02fd78a.js → 200 (159ms, 15344B)
[2026-03-30T01:39:44.648Z] GET https://abs.twimg.com/responsive-web/client-web/shared~loader.AudioDock~loader.DashMenu~loader.DMDrawer~bundle.GrokDrawer~ondemand.HoverCard~ondemand.Command.9a95105a.js → 200 (202ms, 260933B)
[2026-03-30T01:39:44.652Z] GET https://abs.twimg.com/responsive-web/client-web/shared~loader.AudioDock~loader.DashMenu~loader.Typeahead~loader.DMDrawer~bundle.GrokDrawer~ondemand.CommandCe.5b79c3ba.js → 200 (155ms, 63564B)
[2026-03-30T01:39:44.652Z] GET https://abs.twimg.com/responsive-web/client-web/shared~loader.AudioDock~loader.DashMenu~bundle.GrokDrawer~ondemand.CommandCenter~bundle.Account~bundle.Reader.0a39c03a.js → 200 (162ms, 288760B)
[2026-03-30T01:39:44.652Z] GET https://abs.twimg.com/responsive-web/client-web/shared~loader.Typeahead~loader.DMDrawer~bundle.GrokDrawer~ondemand.HoverCard~bundle.ReaderMode~bundle.AudioSp.5397cf7a.js → 200 (155ms, 29911B)
[2026-03-30T01:39:44.652Z] GET https://abs.twimg.com/responsive-web/client-web/shared~bundle.GrokDrawer~bundle.ReaderMode~bundle.Birdwatch~bundle.TwitterArticles~bundle.Compose~bundle.Sett.8dc7219a.js → 200 (235ms, 606308B)
[2026-03-30T01:39:44.652Z] GET https://abs.twimg.com/responsive-web/client-web/shared~loader.Dock~bundle.AudioSpaceDetail~bundle.AudioSpaceDiscovery~bundle.AudioSpacebarScreen~bundle.Birdw.90208c8a.js → 200 (156ms, 91632B)
[2026-03-30T01:39:44.652Z] GET https://abs.twimg.com/responsive-web/client-web/shared~bundle.AudioSpaceDetail~bundle.AudioSpaceDiscovery~bundle.AudioSpacebarScreen~bundle.Birdwatch~bundle..c7fec1fa.js → 200 (146ms, 35821B)
[2026-03-30T01:39:44.652Z] GET https://abs.twimg.com/responsive-web/client-web/shared~bundle.Compose~bundle.ConversationWithRelay~bundle.Conversation~bundle.RichTextCompose.d31851ba.js → 200 (146ms, 38504B)
[2026-03-30T01:39:44.652Z] GET https://abs.twimg.com/responsive-web/client-web/bundle.Conversation.c5aed34a.js → 200 (255ms, 246855B)
[2026-03-30T01:39:44.653Z] GET https://abs.twimg.com/responsive-web/client-web/icons.0.1cb76e9a.js → 200 (254ms, 19899B)
[2026-03-30T01:39:44.653Z] GET https://abs.twimg.com/responsive-web/client-web/loader.AudioDock.2f22ba9a.js → 200 (254ms, 20165B)
[2026-03-30T01:39:44.657Z] GET https://abs.twimg.com/responsive-web/client-web/shared~loader.Dock~loaders.video.VideoPlayerDefaultUI~bundle.AudioSpaceDetail~bundle.AudioSpaceDiscovery~bund.0ef49cca.js → 200 (250ms, 5668B)
[2026-03-30T01:39:44.657Z] GET https://abs.twimg.com/responsive-web/client-web/shared~loader.Dock~bundle.AudioSpaceDetail~bundle.AudioSpaceDiscovery~bundle.AudioSpacebarScreen~bundle.Bookm.c5b0f2aa.js → 200 (250ms, 22295B)
[2026-03-30T01:39:44.657Z] GET https://abs.twimg.com/responsive-web/client-web/shared~loader.Dock~loaders.video.PlayerBase~bundle.TwitterArticles~bundle.ComposeMedia~bundle.ConnectTab~bund.67c98caa.js → 200 (266ms, 102645B)
[2026-03-30T01:39:44.657Z] GET https://abs.twimg.com/responsive-web/client-web/shared~loader.Dock~bundle.ConnectTab~bundle.DockPeek~bundle.LiveEvent~loader.TimelineFrameHandler~loader.Jetf.51831e8a.js → 200 (362ms, ?B)
[2026-03-30T01:39:44.657Z] GET https://abs.twimg.com/responsive-web/client-web/loader.Dock.0eace23a.js → 200 (348ms, 68381B)
[2026-03-30T01:39:44.657Z] GET https://abs.twimg.com/responsive-web/client-web/shared~ondemand.AVCallOverlays~ondemand.XChat~bundle.AccountAnalytics~ondemand.SettingsRevamp~ondemand.XChatS.a6781bfa.js → 200 (313ms, 7355B)
[2026-03-30T01:39:44.657Z] GET https://abs.twimg.com/responsive-web/client-web/shared~ondemand.AVCallOverlays~ondemand.XChat~bundle.AccountAnalytics~ondemand.XChatShare~bundle.Payments~ond.5baff9fa.js → 200 (313ms, 16498B)
[2026-03-30T01:39:44.657Z] GET https://abs.twimg.com/responsive-web/client-web/shared~ondemand.AVCallOverlays~ondemand.XChat~bundle.AccountAnalytics~ondemand.XChatShare~ondemand.Insights~o.f3b36bba.js → 200 (360ms, 196735B)
[2026-03-30T01:39:44.657Z] GET https://abs.twimg.com/responsive-web/client-web/shared~ondemand.AVCallOverlays~ondemand.XChat~ondemand.XChatShare~ondemand.ChatDrawer~.ff7c748a.js → pending (?ms, ?B)
[2026-03-30T01:39:44.657Z] GET https://abs.twimg.com/responsive-web/client-web/shared~ondemand.AVCallOverlays~ondemand.XChat~ondemand.XChatShare~ondemand.Verified~ondemand.BusinessInsights.9ba87b3a.js → pending (?ms, ?B)
[2026-03-30T01:39:44.657Z] GET https://abs.twimg.com/responsive-web/client-web/shared~ondemand.AVCallOverlays~bundle.AccountAnalytics~ondemand.XChat~ondemand.XChatShare~ondemand.ChatDrawer.0797ce0a.js → pending (?ms, ?B)
[2026-03-30T01:39:44.657Z] GET https://abs.twimg.com/responsive-web/client-web/shared~ondemand.AVCallOverlays~ondemand.XChat~ondemand.XChatShare~ondemand.ChatDrawer.4412268a.js → pending (?ms, ?B)
[2026-03-30T01:39:44.658Z] GET https://abs.twimg.com/responsive-web/client-web/shared~ondemand.AVCallOverlays~ondemand.XChat~ondemand.ChatDrawer.f46a08ca.js → pending (?ms, ?B)
[2026-03-30T01:39:44.658Z] GET https://abs.twimg.com/responsive-web/client-web/ondemand.AVCallOverlays.7425ab0a.js → pending (?ms, ?B)
[2026-03-30T01:39:44.658Z] GET https://accounts.google.com/gsi/client → 200 (347ms, 257352B)
[2026-03-30T01:39:44.658Z] GET https://abs.twimg.com/responsive-web/client-web/loader.richScribeAction.a311130a.js → pending (?ms, ?B)
[2026-03-30T01:39:44.658Z] GET https://abs.twimg.com/responsive-web/client-web/Chirp-Bold.ebb56aba.woff2 → pending (?ms, ?B)
[2026-03-30T01:39:44.658Z] GET https://abs.twimg.com/responsive-web/client-web/Chirp-Regular.80fda27a.woff2 → pending (?ms, ?B)
[2026-03-30T01:39:44.658Z] GET https://abs.twimg.com/responsive-web/client-web/bundle.NetworkInstrument.415c215a.js → pending (?ms, ?B)
[2026-03-30T01:39:44.658Z] GET https://api.x.com/1.1/hashflags.json → pending (?ms, ?B)
[2026-03-30T01:39:44.658Z] POST https://api.x.com/1.1/graphql/user_flow.json → pending (?ms, ?B)
[2026-03-30T01:39:44.658Z] POST https://api.x.com/1.1/graphql/user_flow.json → pending (?ms, ?B)
[2026-03-30T01:39:44.932Z] GET https://abs.twimg.com/responsive-web/client-web/loader.NewTweetsPill.3555fe1a.js → pending (?ms, ?B)
[2026-03-30T01:39:44.932Z] GET https://abs.twimg.com/responsive-web/client-web/shared~loader.DMDrawer~bundle.ReaderMode~bundle.Compose~bundle.DirectMessages~bundle.DMRichTextCompose~bundle.d1635d6a.js → pending (?ms, ?B)
[2026-03-30T01:39:44.932Z] GET https://abs.twimg.com/responsive-web/client-web/loader.TimelineRenderer.f443402a.js → pending (?ms, ?B)
[2026-03-30T01:39:44.932Z] GET https://abs.twimg.com/responsive-web/client-web/shared~bundle.JobSearch~bundle.UserJobs~loader.WideLayout.6379647a.js → pending (?ms, ?B)
[2026-03-30T01:39:44.932Z] GET https://abs.twimg.com/responsive-web/client-web/loader.WideLayout.4c68779a.js → pending (?ms, ?B)
[2026-03-30T01:39:44.974Z] GET https://abs.twimg.com/responsive-web/client-web/shared~ondemand.InlinePlayer~loader.AudioOnlyVideoPlayer~loader.immersiveTweetHandler.ca05f8ea.js → pending (?ms, ?B)
[2026-03-30T01:39:44.974Z] GET https://abs.twimg.com/responsive-web/client-web/loader.AudioOnlyVideoPlayer.5e3526ea.js → pending (?ms, ?B)
[2026-03-30T01:39:45.014Z] GET https://accounts.google.com/gsi/style → pending (?ms, ?B)
[2026-03-30T01:39:45.297Z] GET https://api.x.com/graphql/sBoAB5nqJTOyR9sZ5qVLsw/TweetResultByRestId?variables=%7B%22tweetId%22%3A%222037888800341610684%22%2C%22withCommunity%22%3Afalse%2C%22includePromotedContent%22%3Afalse%2C%22withVoice%22%3Afalse%7D&features=%7B%22creator_subscriptions_tweet_preview_api_enabled%22%3Atrue%2C%22premium_content_api_read_enabled%22%3Afalse%2C%22communities_web_enable_tweet_community_results_fetch%22%3Atrue%2C%22c9s_tweet_anatomy_moderator_badge_enabled%22%3Atrue%2C%22responsive_web_grok_analyze_button_fetch_trends_enabled%22%3Afalse%2C%22responsive_web_grok_analyze_post_followups_enabled%22%3Afalse%2C%22responsive_web_jetfuel_frame%22%3Atrue%2C%22responsive_web_grok_share_attachment_enabled%22%3Atrue%2C%22responsive_web_grok_annotations_enabled%22%3Atrue%2C%22articles_preview_enabled%22%3Atrue%2C%22responsive_web_edit_tweet_api_enabled%22%3Atrue%2C%22graphql_is_translatable_rweb_tweet_is_translatable_enabled%22%3Atrue%2C%22view_counts_everywhere_api_enabled%22%3Atrue%2C%22longform_notetweets_consumption_enabled%22%3Atrue%2C%22responsive_web_twitter_article_tweet_consumption_enabled%22%3Atrue%2C%22content_disclosure_indicator_enabled%22%3Atrue%2C%22content_disclosure_ai_generated_indicator_enabled%22%3Atrue%2C%22responsive_web_grok_show_grok_translated_post%22%3Afalse%2C%22responsive_web_grok_analysis_button_from_backend%22%3Atrue%2C%22post_ctas_fetch_enabled%22%3Atrue%2C%22freedom_of_speech_not_reach_fetch_enabled%22%3Atrue%2C%22standardized_nudges_misinfo%22%3Atrue%2C%22tweet_with_visibility_results_prefer_gql_limited_actions_policy_enabled%22%3Atrue%2C%22longform_notetweets_rich_text_read_enabled%22%3Atrue%2C%22longform_notetweets_inline_media_enabled%22%3Afalse%2C%22profile_label_improvements_pcf_label_in_post_enabled%22%3Atrue%2C%22responsive_web_profile_redirect_enabled%22%3Afalse%2C%22rweb_tipjar_consumption_enabled%22%3Afalse%2C%22verified_phone_label_enabled%22%3Afalse%2C%22responsive_web_grok_image_annotation_enabled%22%3Atrue%2C%22responsive_web_grok_imagine_annotation_enabled%22%3Atrue%2C%22responsive_web_grok_community_note_auto_translation_is_enabled%22%3Afalse%2C%22responsive_web_graphql_skip_user_profile_image_extensions_enabled%22%3Afalse%2C%22responsive_web_graphql_timeline_navigation_enabled%22%3Atrue%2C%22responsive_web_enhance_cards_enabled%22%3Afalse%7D&fieldToggles=%7B%22withArticleRichContentState%22%3Atrue%2C%22withArticlePlainText%22%3Afalse%2C%22withArticleSummaryText%22%3Atrue%2C%22withArticleVoiceOver%22%3Atrue%2C%22withGrokAnalyze%22%3Afalse%2C%22withDisallowedReplyControls%22%3Afalse%7D → 200 (690ms, 40610B)
[2026-03-30T01:39:45.298Z] GET https://api.x.com/graphql/sBoAB5nqJTOyR9sZ5qVLsw/TweetResultByRestId?variables=%7B%22tweetId%22%3A%222037888800341610684%22%2C%22includePromotedContent%22%3Atrue%2C%22withBirdwatchNotes%22%3Atrue%2C%22withVoice%22%3Atrue%2C%22withCommunity%22%3Atrue%7D&features=%7B%22creator_subscriptions_tweet_preview_api_enabled%22%3Atrue%2C%22premium_content_api_read_enabled%22%3Afalse%2C%22communities_web_enable_tweet_community_results_fetch%22%3Atrue%2C%22c9s_tweet_anatomy_moderator_badge_enabled%22%3Atrue%2C%22responsive_web_grok_analyze_button_fetch_trends_enabled%22%3Afalse%2C%22responsive_web_grok_analyze_post_followups_enabled%22%3Afalse%2C%22responsive_web_jetfuel_frame%22%3Atrue%2C%22responsive_web_grok_share_attachment_enabled%22%3Atrue%2C%22responsive_web_grok_annotations_enabled%22%3Atrue%2C%22articles_preview_enabled%22%3Atrue%2C%22responsive_web_edit_tweet_api_enabled%22%3Atrue%2C%22graphql_is_translatable_rweb_tweet_is_translatable_enabled%22%3Atrue%2C%22view_counts_everywhere_api_enabled%22%3Atrue%2C%22longform_notetweets_consumption_enabled%22%3Atrue%2C%22responsive_web_twitter_article_tweet_consumption_enabled%22%3Atrue%2C%22content_disclosure_indicator_enabled%22%3Atrue%2C%22content_disclosure_ai_generated_indicator_enabled%22%3Atrue%2C%22responsive_web_grok_show_grok_translated_post%22%3Afalse%2C%22responsive_web_grok_analysis_button_from_backend%22%3Atrue%2C%22post_ctas_fetch_enabled%22%3Atrue%2C%22freedom_of_speech_not_reach_fetch_enabled%22%3Atrue%2C%22standardized_nudges_misinfo%22%3Atrue%2C%22tweet_with_visibility_results_prefer_gql_limited_actions_policy_enabled%22%3Atrue%2C%22longform_notetweets_rich_text_read_enabled%22%3Atrue%2C%22longform_notetweets_inline_media_enabled%22%3Afalse%2C%22profile_label_improvements_pcf_label_in_post_enabled%22%3Atrue%2C%22responsive_web_profile_redirect_enabled%22%3Afalse%2C%22rweb_tipjar_consumption_enabled%22%3Afalse%2C%22verified_phone_label_enabled%22%3Afalse%2C%22responsive_web_grok_image_annotation_enabled%22%3Atrue%2C%22responsive_web_grok_imagine_annotation_enabled%22%3Atrue%2C%22responsive_web_grok_community_note_auto_translation_is_enabled%22%3Afalse%2C%22responsive_web_graphql_skip_user_profile_image_extensions_enabled%22%3Afalse%2C%22responsive_web_graphql_timeline_navigation_enabled%22%3Atrue%2C%22responsive_web_enhance_cards_enabled%22%3Afalse%7D&fieldToggles=%7B%22withArticleRichContentState%22%3Atrue%2C%22withArticlePlainText%22%3Afalse%2C%22withArticleSummaryText%22%3Atrue%2C%22withArticleVoiceOver%22%3Atrue%7D → 200 (688ms, 40638B)
[2026-03-30T01:39:45.986Z] GET https://abs.twimg.com/responsive-web/client-web/loader.DividerHandler.aa9c214a.js → 200 (37ms, 1070B)
[2026-03-30T01:39:45.987Z] GET https://abs.twimg.com/responsive-web/client-web/shared~loader.DMDrawer~bundle.GrokDrawer~bundle.Birdwatch~bundle.Compose~bundle.DirectMessages~bundle.DMRichT.228dc67a.js → pending (?ms, ?B)
[2026-03-30T01:39:45.987Z] GET https://abs.twimg.com/responsive-web/client-web/shared~loader.DMDrawer~bundle.Compose~bundle.DirectMessages~bundle.DMRichTextCompose~loader.HWCard~loader.Tim.d60b491a.js → pending (?ms, ?B)
[2026-03-30T01:39:45.987Z] GET https://abs.twimg.com/responsive-web/client-web/loader.TimelineCardHandler.2ba5468a.js → pending (?ms, ?B)
[2026-03-30T01:39:45.987Z] GET https://abs.twimg.com/responsive-web/client-web/shared~bundle.GrokDrawer~bundle.Birdwatch~bundle.News~bundle.Grok~ondemand.News~loader.inlineTombstoneHandler.0f19d09a.js → pending (?ms, ?B)
[2026-03-30T01:39:45.987Z] GET https://abs.twimg.com/responsive-web/client-web/shared~loader.inlineTombstoneHandler~loader.tweetHandler.c9927c7a.js → pending (?ms, ?B)
[2026-03-30T01:39:45.987Z] GET https://abs.twimg.com/responsive-web/client-web/loader.tweetHandler.6deb336a.js → pending (?ms, ?B)
[2026-03-30T01:39:45.987Z] GET https://abs.twimg.com/responsive-web/client-web/loader.TimelineFrameHandler.d20ca08a.js → pending (?ms, ?B)
[2026-03-30T01:39:46.002Z] GET https://abs.twimg.com/responsive-web/client-web/loader.SignupModule.5e29032a.js → pending (?ms, ?B)
[2026-03-30T01:39:46.002Z] GET https://abs.twimg.com/responsive-web/client-web/loader.PremiumLoaders.59c2a32a.js → pending (?ms, ?B)
[2026-03-30T01:39:46.002Z] GET https://abs.twimg.com/responsive-web/client-web/loader.ExploreSidebar.e321578a.js → pending (?ms, ?B)
[2026-03-30T01:39:46.085Z] GET https://appleid.cdn-apple.com/appleauth/static/jsapi/appleid/1/en_US/appleid.auth.js → 200 (331ms, 43178B)
[2026-03-30T01:39:46.089Z] GET https://accounts.google.com/gsi/button?theme=outline&size=large&shape=circle&logo_alignment=center&text=signup_with&width=300&is_fedcm_supported=true&client_id=49625052041-kgt0hghf445lmcmhijv46b715m2mpbct.apps.googleusercontent.com&iframe_id=gsi_786085_2133&cas=KFk4G6qd7kv7e314Ziw4XSausFtUBQBIZLGfQclzimc&hl=en → 200 (255ms, 196310B)
[2026-03-30T01:39:46.089Z] GET https://api.x.com/graphql/_G1ak9vXw0opQ4R0oQFrdQ/ExploreSidebar?variables=%7B%7D&features=%7B%22rweb_video_screen_enabled%22%3Afalse%2C%22profile_label_improvements_pcf_label_in_post_enabled%22%3Atrue%2C%22responsive_web_profile_redirect_enabled%22%3Afalse%2C%22rweb_tipjar_consumption_enabled%22%3Afalse%2C%22verified_phone_label_enabled%22%3Afalse%2C%22creator_subscriptions_tweet_preview_api_enabled%22%3Atrue%2C%22responsive_web_graphql_timeline_navigation_enabled%22%3Atrue%2C%22responsive_web_graphql_skip_user_profile_image_extensions_enabled%22%3Afalse%2C%22premium_content_api_read_enabled%22%3Afalse%2C%22communities_web_enable_tweet_community_results_fetch%22%3Atrue%2C%22c9s_tweet_anatomy_moderator_badge_enabled%22%3Atrue%2C%22responsive_web_grok_analyze_button_fetch_trends_enabled%22%3Afalse%2C%22responsive_web_grok_analyze_post_followups_enabled%22%3Afalse%2C%22responsive_web_jetfuel_frame%22%3Atrue%2C%22responsive_web_grok_share_attachment_enabled%22%3Atrue%2C%22responsive_web_grok_annotations_enabled%22%3Atrue%2C%22articles_preview_enabled%22%3Atrue%2C%22responsive_web_edit_tweet_api_enabled%22%3Atrue%2C%22graphql_is_translatable_rweb_tweet_is_translatable_enabled%22%3Atrue%2C%22view_counts_everywhere_api_enabled%22%3Atrue%2C%22longform_notetweets_consumption_enabled%22%3Atrue%2C%22responsive_web_twitter_article_tweet_consumption_enabled%22%3Atrue%2C%22content_disclosure_indicator_enabled%22%3Atrue%2C%22content_disclosure_ai_generated_indicator_enabled%22%3Atrue%2C%22responsive_web_grok_show_grok_translated_post%22%3Afalse%2C%22responsive_web_grok_analysis_button_from_backend%22%3Atrue%2C%22post_ctas_fetch_enabled%22%3Atrue%2C%22freedom_of_speech_not_reach_fetch_enabled%22%3Atrue%2C%22standardized_nudges_misinfo%22%3Atrue%2C%22tweet_with_visibility_results_prefer_gql_limited_actions_policy_enabled%22%3Atrue%2C%22longform_notetweets_rich_text_read_enabled%22%3Atrue%2C%22longform_notetweets_inline_media_enabled%22%3Afalse%2C%22responsive_web_grok_image_annotation_enabled%22%3Atrue%2C%22responsive_web_grok_imagine_annotation_enabled%22%3Atrue%2C%22responsive_web_grok_community_note_auto_translation_is_enabled%22%3Afalse%2C%22responsive_web_enhance_cards_enabled%22%3Afalse%7D → 200 (336ms, 4233B)
[2026-03-30T01:39:46.093Z] GET https://abs.twimg.com/responsive-web/client-web/Chirp-Heavy.f44ae4ea.woff2 → 200 (93ms, 43604B)
[2026-03-30T01:39:46.180Z] GET https://abs.twimg.com/responsive-web/client-web/loader.AbsolutePower.2fb61a5a.js → 200 (55ms, 39269B)
[2026-03-30T01:39:46.406Z] GET https://abs.twimg.com/responsive-web/client-web/loader.TweetCurationActionMenu.077223ba.js → 200 (19ms, 75652B)
[2026-03-30T01:39:46.406Z] GET https://abs.twimg.com/responsive-web/client-web/ondemand.LottieWeb.e5ad67aa.js → 200 (58ms, 152559B)
[2026-03-30T01:39:46.406Z] GET https://abs.twimg.com/sticky/animations/like.4.json → 200 (50ms, 24292B)
[2026-03-30T01:39:46.406Z] GET https://abs.twimg.com/responsive-web/client-web/shared~bundle.TwitterBlue~bundle.Payments.02fc320a.js → 200 (50ms, 25786B)
[2026-03-30T01:39:46.406Z] GET https://abs.twimg.com/responsive-web/client-web/bundle.TwitterBlue.6c9ab52a.js → 200 (78ms, 415360B)
[2026-03-30T01:39:46.406Z] GET https://api.x.com/graphql/B3F9uRHu_kwtjyEnZNyVAg/TweetResultsByRestIds?variables=%7B%22tweetIds%22%3A%5B%222033159213900308910%22%5D%2C%22includePromotedContent%22%3Atrue%2C%22withBirdwatchNotes%22%3Atrue%2C%22withVoice%22%3Atrue%2C%22withCommunity%22%3Atrue%7D&features=%7B%22creator_subscriptions_tweet_preview_api_enabled%22%3Atrue%2C%22premium_content_api_read_enabled%22%3Afalse%2C%22communities_web_enable_tweet_community_results_fetch%22%3Atrue%2C%22c9s_tweet_anatomy_moderator_badge_enabled%22%3Atrue%2C%22responsive_web_grok_analyze_button_fetch_trends_enabled%22%3Afalse%2C%22responsive_web_grok_analyze_post_followups_enabled%22%3Afalse%2C%22responsive_web_jetfuel_frame%22%3Atrue%2C%22responsive_web_grok_share_attachment_enabled%22%3Atrue%2C%22responsive_web_grok_annotations_enabled%22%3Atrue%2C%22articles_preview_enabled%22%3Atrue%2C%22responsive_web_edit_tweet_api_enabled%22%3Atrue%2C%22graphql_is_translatable_rweb_tweet_is_translatable_enabled%22%3Atrue%2C%22view_counts_everywhere_api_enabled%22%3Atrue%2C%22longform_notetweets_consumption_enabled%22%3Atrue%2C%22responsive_web_twitter_article_tweet_consumption_enabled%22%3Atrue%2C%22content_disclosure_indicator_enabled%22%3Atrue%2C%22content_disclosure_ai_generated_indicator_enabled%22%3Atrue%2C%22responsive_web_grok_show_grok_translated_post%22%3Afalse%2C%22responsive_web_grok_analysis_button_from_backend%22%3Atrue%2C%22post_ctas_fetch_enabled%22%3Atrue%2C%22freedom_of_speech_not_reach_fetch_enabled%22%3Atrue%2C%22standardized_nudges_misinfo%22%3Atrue%2C%22tweet_with_visibility_results_prefer_gql_limited_actions_policy_enabled%22%3Atrue%2C%22longform_notetweets_rich_text_read_enabled%22%3Atrue%2C%22longform_notetweets_inline_media_enabled%22%3Afalse%2C%22profile_label_improvements_pcf_label_in_post_enabled%22%3Atrue%2C%22responsive_web_profile_redirect_enabled%22%3Afalse%2C%22rweb_tipjar_consumption_enabled%22%3Afalse%2C%22verified_phone_label_enabled%22%3Afalse%2C%22responsive_web_grok_image_annotation_enabled%22%3Atrue%2C%22responsive_web_grok_imagine_annotation_enabled%22%3Atrue%2C%22responsive_web_grok_community_note_auto_translation_is_enabled%22%3Afalse%2C%22responsive_web_graphql_skip_user_profile_image_extensions_enabled%22%3Afalse%2C%22responsive_web_graphql_timeline_navigation_enabled%22%3Atrue%2C%22responsive_web_enhance_cards_enabled%22%3Afalse%7D&fieldToggles=%7B%22withArticleRichContentState%22%3Atrue%2C%22withArticlePlainText%22%3Afalse%2C%22withArticleSummaryText%22%3Atrue%2C%22withArticleVoiceOver%22%3Atrue%7D → 404 (482ms, ?B)
[2026-03-30T01:39:46.406Z] POST https://api.x.com/1.1/graphql/user_flow.json → 200 (283ms, ?B)
[2026-03-30T01:39:46.425Z] GET https://abs.twimg.com/responsive-web/client-web/loader.ImpressionPlaceholderHandler.4038f3fa.js → 200 (89ms, 1261B)
[2026-03-30T01:39:46.425Z] GET https://abs.twimg.com/responsive-web/client-web/loader.ModuleHeader.b825b87a.js → 200 (89ms, 5795B)
[2026-03-30T01:39:46.425Z] GET https://abs.twimg.com/responsive-web/client-web/loader.TrendHandler.134b7bfa.js → 200 (90ms, 25512B)
[2026-03-30T01:39:46.425Z] GET https://abs.twimg.com/responsive-web/client-web/loader.FooterLoader.cbc6e1ba.js → 200 (90ms, 2905B)
[2026-03-30T01:39:46.430Z] POST https://api.x.com/1.1/onboarding/sso_init.json → 200 (560ms, 55B)
[2026-03-30T01:39:46.453Z] POST https://api.x.com/1.1/graphql/user_flow.json → 200 (201ms, ?B)
[2026-03-30T01:39:46.462Z] GET https://pbs.twimg.com/profile_images/2008502393017683968/oFmzz_al_normal.jpg → 200 (122ms, 2111B)
[2026-03-30T01:39:46.462Z] GET https://pbs.twimg.com/media/HEf6eX4bAAA8LmP?format=jpg&name=small → 200 (124ms, 46801B)
[2026-03-30T01:39:46.462Z] GET https://pbs.twimg.com/media/HEgGP82aQAAZIbQ?format=jpg&name=small → 200 (233ms, 32840B)
[2026-03-30T01:39:46.462Z] GET https://pbs.twimg.com/media/HEgGVl2aMAAdxGd?format=jpg&name=small → 200 (193ms, 30379B)
[2026-03-30T01:39:46.462Z] GET https://pbs.twimg.com/media/HEgGXr3bAAAVFVf?format=jpg&name=900x900 → 200 (228ms, 131408B)
[2026-03-30T01:39:46.462Z] GET https://pbs.twimg.com/media/HEgGZudacAApmOM?format=jpg&name=small → 200 (196ms, 63089B)
[2026-03-30T01:39:46.462Z] GET https://pbs.twimg.com/media/HEgGu9VbgAANTTd?format=jpg&name=small → 200 (274ms, 63228B)
[2026-03-30T01:39:46.462Z] GET https://pbs.twimg.com/media/HEgHkekaoAAaxxu?format=jpg&name=small → 200 (288ms, 41967B)
[2026-03-30T01:39:46.593Z] GET https://fonts.gstatic.com/s/googlesans/v62/4UaRrENHsxJlGDuGo1OIlJfC6l_24rlCK1Yo_Iq2vgCIhM907w.woff2 → 200 (421ms, 55144B)
[2026-03-30T01:39:46.918Z] POST https://api.x.com/1.1/graphql/error_log.json → pending (?ms, ?B)
[2026-03-30T01:39:46.922Z] GET https://api.x.com/graphql/sBoAB5nqJTOyR9sZ5qVLsw/TweetResultByRestId?variables=%7B%22tweetId%22%3A%222033159213900308910%22%2C%22includePromotedContent%22%3Atrue%2C%22withBirdwatchNotes%22%3Atrue%2C%22withVoice%22%3Atrue%2C%22withCommunity%22%3Atrue%7D&features=%7B%22creator_subscriptions_tweet_preview_api_enabled%22%3Atrue%2C%22premium_content_api_read_enabled%22%3Afalse%2C%22communities_web_enable_tweet_community_results_fetch%22%3Atrue%2C%22c9s_tweet_anatomy_moderator_badge_enabled%22%3Atrue%2C%22responsive_web_grok_analyze_button_fetch_trends_enabled%22%3Afalse%2C%22responsive_web_grok_analyze_post_followups_enabled%22%3Afalse%2C%22responsive_web_jetfuel_frame%22%3Atrue%2C%22responsive_web_grok_share_attachment_enabled%22%3Atrue%2C%22responsive_web_grok_annotations_enabled%22%3Atrue%2C%22articles_preview_enabled%22%3Atrue%2C%22responsive_web_edit_tweet_api_enabled%22%3Atrue%2C%22graphql_is_translatable_rweb_tweet_is_translatable_enabled%22%3Atrue%2C%22view_counts_everywhere_api_enabled%22%3Atrue%2C%22longform_notetweets_consumption_enabled%22%3Atrue%2C%22responsive_web_twitter_article_tweet_consumption_enabled%22%3Atrue%2C%22content_disclosure_indicator_enabled%22%3Atrue%2C%22content_disclosure_ai_generated_indicator_enabled%22%3Atrue%2C%22responsive_web_grok_show_grok_translated_post%22%3Afalse%2C%22responsive_web_grok_analysis_button_from_backend%22%3Atrue%2C%22post_ctas_fetch_enabled%22%3Atrue%2C%22freedom_of_speech_not_reach_fetch_enabled%22%3Atrue%2C%22standardized_nudges_misinfo%22%3Atrue%2C%22tweet_with_visibility_results_prefer_gql_limited_actions_policy_enabled%22%3Atrue%2C%22longform_notetweets_rich_text_read_enabled%22%3Atrue%2C%22longform_notetweets_inline_media_enabled%22%3Afalse%2C%22profile_label_improvements_pcf_label_in_post_enabled%22%3Atrue%2C%22responsive_web_profile_redirect_enabled%22%3Afalse%2C%22rweb_tipjar_consumption_enabled%22%3Afalse%2C%22verified_phone_label_enabled%22%3Afalse%2C%22responsive_web_grok_image_annotation_enabled%22%3Atrue%2C%22responsive_web_grok_imagine_annotation_enabled%22%3Atrue%2C%22responsive_web_grok_community_note_auto_translation_is_enabled%22%3Afalse%2C%22responsive_web_graphql_skip_user_profile_image_extensions_enabled%22%3Afalse%2C%22responsive_web_graphql_timeline_navigation_enabled%22%3Atrue%2C%22responsive_web_enhance_cards_enabled%22%3Afalse%7D&fieldToggles=%7B%22withArticleRichContentState%22%3Atrue%2C%22withArticlePlainText%22%3Afalse%2C%22withArticleSummaryText%22%3Atrue%2C%22withArticleVoiceOver%22%3Atrue%7D → pending (?ms, ?B)
[2026-03-30T01:39:47.518Z] GET https://pbs.twimg.com/media/HDc6XySakAAXGrH?format=jpg&name=small → 200 (70ms, 61378B)
[2026-03-30T01:39:47.639Z] POST https://api.x.com/1.1/graphql/user_flow.json → 200 (327ms, ?B)
[2026-03-30T01:39:49.642Z] GET https://abs.twimg.com/responsive-web/client-web/i18n/emoji-en.f1b76a9a.js → 200 (58ms, 137020B)
[2026-03-30T01:39:49.704Z] GET https://abs.twimg.com/responsive-web/client-web/shared~ondemand.EmojiPicker~ondemand.EmojiPickerData~ondemand.ParticipantReaction.57db9faa.js → 200 (66ms, 209764B)
